Using pre-set license
Built from '2020.3/staging' branch; Version is '2020.3.19f1 (68f137dc9bbe) revision 6877495'; Using compiler version '192528614'; Build Type 'Release'
OS: 'Windows 10 Pro; OS build 19043.1237; Version 2009; 64bit' Language: 'es' Physical Memory: 16342 MB
BatchMode: 1, IsHumanControllingUs: 0, StartBugReporterOnCrash: 0, Is64bit: 1, IsPro: 0

COMMAND LINE ARGUMENTS:
C:\Program Files\Unity\Hub\Editor\2020.3.19f1\Editor\Unity.exe
-adb2
-batchMode
-noUpm
-name
AssetImportWorker0
-projectPath
D:/Nicolau Guardiola/proyectos/entregable1_nicolau_guardiola/entregable1
-logFile
Logs/AssetImportWorker0.log
-srvPort
52620
Successfully changed project path to: D:/Nicolau Guardiola/proyectos/entregable1_nicolau_guardiola/entregable1
D:/Nicolau Guardiola/proyectos/entregable1_nicolau_guardiola/entregable1
Using Asset Import Pipeline V2.
Refreshing native plugins compatible for Editor in 29.94 ms, found 2 plugins.
Preloading 0 native plugins for Editor in 0.00 ms.
Initialize engine version: 2020.3.19f1 (68f137dc9bbe)
[Subsystems] Discovering subsystems at path C:/Program Files/Unity/Hub/Editor/2020.3.19f1/Editor/Data/Resources/UnitySubsystems
[Subsystems] Discovering subsystems at path D:/Nicolau Guardiola/proyectos/entregable1_nicolau_guardiola/entregable1/Assets
GfxDevice: creating device client; threaded=0
Direct3D:
    Version:  Direct3D 11.0 [level 11.1]
    Renderer: NVIDIA GeForce GTX 1050 Ti (ID=0x1c82)
    Vendor:   
    VRAM:     4018 MB
    Driver:   27.21.14.5671
Initialize mono
Mono path[0] = 'C:/Program Files/Unity/Hub/Editor/2020.3.19f1/Editor/Data/Managed'
Mono path[1] = 'C:/Program Files/Unity/Hub/Editor/2020.3.19f1/Editor/Data/MonoBleedingEdge/lib/mono/unityjit'
Mono config path = 'C:/Program Files/Unity/Hub/Editor/2020.3.19f1/Editor/Data/MonoBleedingEdge/etc'
Using monoOptions --debugger-agent=transport=dt_socket,embedding=1,server=y,suspend=n,address=127.0.0.1:56356
Begin MonoManager ReloadAssembly
Registering precompiled unity dll's ...
Register platform support module: C:/Program Files/Unity/Hub/Editor/2020.3.19f1/Editor/Data/PlaybackEngines/WindowsStandaloneSupport/UnityEditor.WindowsStandalone.Extensions.dll
Registered in 0.001931 seconds.
Native extension for WindowsStandalone target not found
Refreshing native plugins compatible for Editor in 32.97 ms, found 2 plugins.
Preloading 0 native plugins for Editor in 0.00 ms.
Mono: successfully reloaded assembly
- Completed reload, in  1.122 seconds
Domain Reload Profiling:
	ReloadAssembly (1123ms)
		BeginReloadAssembly (58ms)
			ExecutionOrderSort (0ms)
			DisableScriptedObjects (0ms)
			BackupInstance (0ms)
			ReleaseScriptingObjects (0ms)
			CreateAndSetChildDomain (1ms)
		EndReloadAssembly (452ms)
			LoadAssemblies (55ms)
			RebuildTransferFunctionScriptingTraits (0ms)
			SetupTypeCache (160ms)
			ReleaseScriptCaches (0ms)
			RebuildScriptCaches (33ms)
			SetupLoadedEditorAssemblies (177ms)
				LogAssemblyErrors (0ms)
				InitializePlatformSupportModulesInManaged (5ms)
				SetLoadedEditorAssemblies (1ms)
				RefreshPlugins (33ms)
				BeforeProcessingInitializeOnLoad (9ms)
				ProcessInitializeOnLoadAttributes (96ms)
				ProcessInitializeOnLoadMethodAttributes (34ms)
				AfterProcessingInitializeOnLoad (0ms)
				EditorAssembliesLoaded (1ms)
			ExecutionOrderSort2 (0ms)
			AwakeInstancesAfterBackupRestoration (0ms)
Platform modules already initialized, skipping
Registering precompiled user dll's ...
Registered in 0.002916 seconds.
Begin MonoManager ReloadAssembly
Native extension for WindowsStandalone target not found
Refreshing native plugins compatible for Editor in 0.34 ms, found 2 plugins.
Preloading 0 native plugins for Editor in 0.00 ms.
Mono: successfully reloaded assembly
- Completed reload, in  1.084 seconds
Domain Reload Profiling:
	ReloadAssembly (1084ms)
		BeginReloadAssembly (154ms)
			ExecutionOrderSort (0ms)
			DisableScriptedObjects (6ms)
			BackupInstance (0ms)
			ReleaseScriptingObjects (0ms)
			CreateAndSetChildDomain (19ms)
		EndReloadAssembly (867ms)
			LoadAssemblies (83ms)
			RebuildTransferFunctionScriptingTraits (0ms)
			SetupTypeCache (305ms)
			ReleaseScriptCaches (0ms)
			RebuildScriptCaches (44ms)
			SetupLoadedEditorAssemblies (322ms)
				LogAssemblyErrors (0ms)
				InitializePlatformSupportModulesInManaged (6ms)
				SetLoadedEditorAssemblies (1ms)
				RefreshPlugins (0ms)
				BeforeProcessingInitializeOnLoad (72ms)
				ProcessInitializeOnLoadAttributes (232ms)
				ProcessInitializeOnLoadMethodAttributes (5ms)
				AfterProcessingInitializeOnLoad (6ms)
				EditorAssembliesLoaded (0ms)
			ExecutionOrderSort2 (0ms)
			AwakeInstancesAfterBackupRestoration (7ms)
Platform modules already initialized, skipping
========================================================================
Worker process is ready to serve import requests
Launched and connected shader compiler UnityShaderCompiler.exe after 0.04 seconds
Refreshing native plugins compatible for Editor in 0.32 ms, found 2 plugins.
Preloading 0 native plugins for Editor in 0.00 ms.
Unloading 1397 Unused Serialized files (Serialized files now loaded: 0)
System memory in use before: 64.9 MB.
System memory in use after: 64.9 MB.

Unloading 16 unused Assets to reduce memory usage. Loaded Objects now: 1832.
Total: 3.040900 ms (FindLiveObjects: 0.148700 ms CreateObjectMapping: 0.047300 ms MarkObjects: 2.769100 ms  DeleteObjects: 0.073900 ms)

AssetImportParameters requested are different than current active one (requested -> active):
  custom:framework-win-MediaFoundation: 216162199b28c13a410421893ffa2e32 -> 
  custom:video-decoder-ogg-theora: a1e56fd34408186e4bbccfd4996cb3dc -> 
  custom:container-muxer-webm: aa71ff27fc2769a1b78a27578f13a17b -> 
  custom:container-demuxer-webm: 4f35f7cbe854078d1ac9338744f61a02 -> 
  custom:container-demuxer-ogg: 62fdf1f143b41e24485cea50d1cbac27 -> 
  custom:video-encoder-webm-vp8: eb34c28f22e8b96e1ab97ce403110664 -> 
  custom:video-decoder-webm-vp8: 9c59270c3fd7afecdb556c50c9e8de78 -> 
  custom:audio-decoder-ogg-vorbis: bf7c407c2cedff20999df2af8eb42d56 -> 
  custom:audio-encoder-webm-vorbis: bf7c407c2cedff20999df2af8eb42d56 -> 
========================================================================
Received Import Request.
  path: Assets
  artifactKey: Guid(00000000000000001000000000000000) Importer(815301076,1909f56bfc062723c751e8b465ee728b)
Start importing Assets using Guid(00000000000000001000000000000000) Importer(815301076,1909f56bfc062723c751e8b465ee728b)  -> (artifact id: '42d402b061de3733987d63b9cc3b64de') in 0.003289 seconds 
  Import took 0.005650 seconds .

========================================================================
Received Import Request.
  Time since last request: 1.664381 seconds.
  path: Assets/prefabs
  artifactKey: Guid(0ab26013d1607d44d9e683785cbe0aca) Importer(815301076,1909f56bfc062723c751e8b465ee728b)
Start importing Assets/prefabs using Guid(0ab26013d1607d44d9e683785cbe0aca) Importer(815301076,1909f56bfc062723c751e8b465ee728b)  -> (artifact id: '5236b849533e6b3020ab3bdfb2518e5e') in 0.002030 seconds 
  Import took 0.004461 seconds .

========================================================================
Received Import Request.
  Time since last request: 5.942188 seconds.
  path: Assets/materials
  artifactKey: Guid(e7826a3efdb35b047b86fc97a286e2bb) Importer(815301076,1909f56bfc062723c751e8b465ee728b)
Start importing Assets/materials using Guid(e7826a3efdb35b047b86fc97a286e2bb) Importer(815301076,1909f56bfc062723c751e8b465ee728b)  -> (artifact id: '7596b226468ec02bb870a858452adb6f') in 0.001842 seconds 
  Import took 0.004287 seconds .

========================================================================
Received Import Request.
  Time since last request: 5.001744 seconds.
  path: Assets/textures
  artifactKey: Guid(4d29ca7f243d5094d87fa81acc9c0b8e) Importer(815301076,1909f56bfc062723c751e8b465ee728b)
Start importing Assets/textures using Guid(4d29ca7f243d5094d87fa81acc9c0b8e) Importer(815301076,1909f56bfc062723c751e8b465ee728b)  -> (artifact id: 'e6f67c2767dd8d7baa04a3cea29feaaf') in 0.002303 seconds 
  Import took 0.005435 seconds .

========================================================================
Received Import Request.
  Time since last request: 13.626831 seconds.
  path: Assets/prefabs/player.prefab
  artifactKey: Guid(0a97e94efbf3c8a448cad9cb6e108f27) Importer(815301076,1909f56bfc062723c751e8b465ee728b)
Start importing Assets/prefabs/player.prefab using Guid(0a97e94efbf3c8a448cad9cb6e108f27) Importer(815301076,1909f56bfc062723c751e8b465ee728b)  -> (artifact id: 'd2c92c5dbad10fe5a92eb12ec5afc066') in 0.107534 seconds 
  Import took 0.109862 seconds .

========================================================================
Received Import Request.
  Time since last request: 27.222603 seconds.
  path: Assets/materials/texture_mat.mat
  artifactKey: Guid(bcf8e1cbe4f0d5547a36ecbbfed42945) Importer(815301076,1909f56bfc062723c751e8b465ee728b)
Start importing Assets/materials/texture_mat.mat using Guid(bcf8e1cbe4f0d5547a36ecbbfed42945) Importer(815301076,1909f56bfc062723c751e8b465ee728b)  -> (artifact id: 'de7f8aa8ba8f93fa1204c47bcff0eff8') in 0.032426 seconds 
  Import took 0.035110 seconds .

========================================================================
Received Import Request.
  Time since last request: 9.585477 seconds.
  path: Assets/materials/New Material.mat
  artifactKey: Guid(e3ac42562570b7f479e7c8e9af0a4b75) Importer(815301076,1909f56bfc062723c751e8b465ee728b)
Start importing Assets/materials/New Material.mat using Guid(e3ac42562570b7f479e7c8e9af0a4b75) Importer(815301076,1909f56bfc062723c751e8b465ee728b)  -> (artifact id: '47a1f58190a00da306b81ed37a32d59c') in 0.010699 seconds 
  Import took 0.013814 seconds .

========================================================================
Received Import Request.
  Time since last request: 13.046691 seconds.
  path: Assets/materials/color_mat.mat
  artifactKey: Guid(e3ac42562570b7f479e7c8e9af0a4b75) Importer(815301076,1909f56bfc062723c751e8b465ee728b)
Start importing Assets/materials/color_mat.mat using Guid(e3ac42562570b7f479e7c8e9af0a4b75) Importer(815301076,1909f56bfc062723c751e8b465ee728b)  -> (artifact id: 'c209d7953cec777e32be9b4cef007bcf') in 0.008502 seconds 
  Import took 0.011135 seconds .

========================================================================
Received Import Request.
  Time since last request: 19.051010 seconds.
  path: Assets/materials/transparent_mat.mat
  artifactKey: Guid(cc53b77c0d501d64fbeb8e76c6872610) Importer(815301076,1909f56bfc062723c751e8b465ee728b)
Start importing Assets/materials/transparent_mat.mat using Guid(cc53b77c0d501d64fbeb8e76c6872610) Importer(815301076,1909f56bfc062723c751e8b465ee728b)  -> (artifact id: '21a24e61674e7a8c86551845eae6a7c2') in 0.012786 seconds 
  Import took 0.015496 seconds .

========================================================================
Received Import Request.
  Time since last request: 88.667540 seconds.
  path: Assets/textures/jhonnydepp.jpg
  artifactKey: Guid(9a9c134c22179174594cb8925a0ff03b) Importer(815301076,1909f56bfc062723c751e8b465ee728b)
Start importing Assets/textures/jhonnydepp.jpg using Guid(9a9c134c22179174594cb8925a0ff03b) Importer(815301076,1909f56bfc062723c751e8b465ee728b)  -> (artifact id: '6ba3e4b5821809ad13094ec1d29f2de8') in 0.020809 seconds 
  Import took 0.023470 seconds .

========================================================================
Received Import Request.
  Time since last request: 29.768872 seconds.
  path: Assets/textures/jhonnydepp1.jpg
  artifactKey: Guid(14a2c89f05d5c384d884cbb4f0172f9b) Importer(815301076,1909f56bfc062723c751e8b465ee728b)
Start importing Assets/textures/jhonnydepp1.jpg using Guid(14a2c89f05d5c384d884cbb4f0172f9b) Importer(815301076,1909f56bfc062723c751e8b465ee728b)  -> (artifact id: '6f881c99f16f68db1df943a6d049d52a') in 0.013078 seconds 
  Import took 0.016112 seconds .

========================================================================
Received Import Request.
  Time since last request: 64.188304 seconds.
  path: Assets/prefabs/player Variant.prefab
  artifactKey: Guid(35b81e21f61e8a049b4f0d149bf3f6f0) Importer(815301076,1909f56bfc062723c751e8b465ee728b)
Start importing Assets/prefabs/player Variant.prefab using Guid(35b81e21f61e8a049b4f0d149bf3f6f0) Importer(815301076,1909f56bfc062723c751e8b465ee728b)  -> (artifact id: '2f072745d883e4e737cbb2fc2705d31d') in 0.012484 seconds 
  Import took 0.015839 seconds .

========================================================================
Received Import Request.
  Time since last request: 5.544363 seconds.
  path: Assets/prefabs/enemy.prefab
  artifactKey: Guid(35b81e21f61e8a049b4f0d149bf3f6f0) Importer(815301076,1909f56bfc062723c751e8b465ee728b)
Start importing Assets/prefabs/enemy.prefab using Guid(35b81e21f61e8a049b4f0d149bf3f6f0) Importer(815301076,1909f56bfc062723c751e8b465ee728b)  -> (artifact id: 'd83725b172a51205158c8ae6e64ff034') in 0.009394 seconds 
  Import took 0.012912 seconds .

========================================================================
Received Import Request.
  Time since last request: 18.295972 seconds.
  path: Assets/materials/color_enemy_mat.mat
  artifactKey: Guid(d6da13868e82f3149b83fff799ddd2da) Importer(815301076,1909f56bfc062723c751e8b465ee728b)
Start importing Assets/materials/color_enemy_mat.mat using Guid(d6da13868e82f3149b83fff799ddd2da) Importer(815301076,1909f56bfc062723c751e8b465ee728b)  -> (artifact id: '34966c245213d2bd063af8760f1d6b62') in 0.013368 seconds 
  Import took 0.016017 seconds .

========================================================================
Received Import Request.
  Time since last request: 38.656209 seconds.
  path: Assets/materials/texture_enemy_mat.mat
  artifactKey: Guid(b5b3a6d169fd4f1428268d9baea2f32f) Importer(815301076,1909f56bfc062723c751e8b465ee728b)
Start importing Assets/materials/texture_enemy_mat.mat using Guid(b5b3a6d169fd4f1428268d9baea2f32f) Importer(815301076,1909f56bfc062723c751e8b465ee728b)  -> (artifact id: '8f8dc330429dd58ce3a70ed06a0ffeeb') in 0.010372 seconds 
  Import took 0.013475 seconds .

========================================================================
Received Import Request.
  Time since last request: 194.090617 seconds.
  path: Assets/textures/marge.png
  artifactKey: Guid(5ef80679f86aa224393a796c8eac989d) Importer(815301076,1909f56bfc062723c751e8b465ee728b)
Start importing Assets/textures/marge.png using Guid(5ef80679f86aa224393a796c8eac989d) Importer(815301076,1909f56bfc062723c751e8b465ee728b)  -> (artifact id: '5d1ad0e25c7a17e614bf60a4ab373530') in 0.009319 seconds 
  Import took 0.012509 seconds .

========================================================================
Received Import Request.
  Time since last request: 22.192991 seconds.
  path: Assets/prefabs/enemy.prefab
  artifactKey: Guid(35b81e21f61e8a049b4f0d149bf3f6f0) Importer(815301076,1909f56bfc062723c751e8b465ee728b)
Start importing Assets/prefabs/enemy.prefab using Guid(35b81e21f61e8a049b4f0d149bf3f6f0) Importer(815301076,1909f56bfc062723c751e8b465ee728b)  -> (artifact id: 'b9fc7bf88d74134a82b3d069d5df913a') in 0.008044 seconds 
  Import took 0.010468 seconds .

========================================================================
Received Import Request.
  Time since last request: 31.547758 seconds.
  path: Assets/materials/color_enemy_mat.mat
  artifactKey: Guid(d6da13868e82f3149b83fff799ddd2da) Importer(815301076,1909f56bfc062723c751e8b465ee728b)
Start importing Assets/materials/color_enemy_mat.mat using Guid(d6da13868e82f3149b83fff799ddd2da) Importer(815301076,1909f56bfc062723c751e8b465ee728b)  -> (artifact id: '0557f16a5ad6baa26bcf3cd40896b5b4') in 0.010679 seconds 
  Import took 0.012989 seconds .

========================================================================
Received Import Request.
  Time since last request: 0.000267 seconds.
  path: Assets/materials/color_mat.mat
  artifactKey: Guid(e3ac42562570b7f479e7c8e9af0a4b75) Importer(815301076,1909f56bfc062723c751e8b465ee728b)
Start importing Assets/materials/color_mat.mat using Guid(e3ac42562570b7f479e7c8e9af0a4b75) Importer(815301076,1909f56bfc062723c751e8b465ee728b)  -> (artifact id: '7504cdababd9b858788a22798a5b928f') in 0.008885 seconds 
  Import took 0.012709 seconds .

========================================================================
Received Import Request.
  Time since last request: 0.000255 seconds.
  path: Assets/materials/texture_mat.mat
  artifactKey: Guid(bcf8e1cbe4f0d5547a36ecbbfed42945) Importer(815301076,1909f56bfc062723c751e8b465ee728b)
Start importing Assets/materials/texture_mat.mat using Guid(bcf8e1cbe4f0d5547a36ecbbfed42945) Importer(815301076,1909f56bfc062723c751e8b465ee728b)  -> (artifact id: 'af311e374457a824fd9cc14f2423a2c9') in 0.010194 seconds 
  Import took 0.012906 seconds .

========================================================================
Received Import Request.
  Time since last request: 0.000059 seconds.
  path: Assets/materials/transparent_mat.mat
  artifactKey: Guid(cc53b77c0d501d64fbeb8e76c6872610) Importer(815301076,1909f56bfc062723c751e8b465ee728b)
Start importing Assets/materials/transparent_mat.mat using Guid(cc53b77c0d501d64fbeb8e76c6872610) Importer(815301076,1909f56bfc062723c751e8b465ee728b)  -> (artifact id: '75be2faea1bd850e1c683733c467d0be') in 0.022807 seconds 
  Import took 0.027536 seconds .

========================================================================
Received Import Request.
  Time since last request: 0.000262 seconds.
  path: Assets/materials/texture_enemy_mat.mat
  artifactKey: Guid(b5b3a6d169fd4f1428268d9baea2f32f) Importer(815301076,1909f56bfc062723c751e8b465ee728b)
Start importing Assets/materials/texture_enemy_mat.mat using Guid(b5b3a6d169fd4f1428268d9baea2f32f) Importer(815301076,1909f56bfc062723c751e8b465ee728b)  -> (artifact id: '98a5d1703a9e841a3e895f2e16bf7675') in 0.007916 seconds 
  Import took 0.010100 seconds .

========================================================================
Received Import Request.
  Time since last request: 23.547840 seconds.
  path: Assets/prefabs/enemy.prefab
  artifactKey: Guid(35b81e21f61e8a049b4f0d149bf3f6f0) Importer(815301076,1909f56bfc062723c751e8b465ee728b)
Start importing Assets/prefabs/enemy.prefab using Guid(35b81e21f61e8a049b4f0d149bf3f6f0) Importer(815301076,1909f56bfc062723c751e8b465ee728b)  -> (artifact id: '082cbc4a42a64350b72a58c56ba2335a') in 0.012784 seconds 
  Import took 0.016823 seconds .

========================================================================
Received Import Request.
  Time since last request: 3.390776 seconds.
  path: Assets/prefabs/enemy.prefab
  artifactKey: Guid(35b81e21f61e8a049b4f0d149bf3f6f0) Importer(815301076,1909f56bfc062723c751e8b465ee728b)
Start importing Assets/prefabs/enemy.prefab using Guid(35b81e21f61e8a049b4f0d149bf3f6f0) Importer(815301076,1909f56bfc062723c751e8b465ee728b)  -> (artifact id: '6efed2a7462c8e70ce0d6cec9ae65671') in 0.010720 seconds 
  Import took 0.013610 seconds .

========================================================================
Received Import Request.
  Time since last request: 5.444373 seconds.
  path: Assets/prefabs/enemy.prefab
  artifactKey: Guid(35b81e21f61e8a049b4f0d149bf3f6f0) Importer(815301076,1909f56bfc062723c751e8b465ee728b)
Start importing Assets/prefabs/enemy.prefab using Guid(35b81e21f61e8a049b4f0d149bf3f6f0) Importer(815301076,1909f56bfc062723c751e8b465ee728b)  -> (artifact id: 'c1db82dcd6e35021b75b79295c97bb47') in 0.013317 seconds 
  Import took 0.017112 seconds .

========================================================================
Received Import Request.
  Time since last request: 2.399112 seconds.
  path: Assets/prefabs/enemy.prefab
  artifactKey: Guid(35b81e21f61e8a049b4f0d149bf3f6f0) Importer(815301076,1909f56bfc062723c751e8b465ee728b)
Start importing Assets/prefabs/enemy.prefab using Guid(35b81e21f61e8a049b4f0d149bf3f6f0) Importer(815301076,1909f56bfc062723c751e8b465ee728b)  -> (artifact id: 'd17aa8d7bf9a6f74aa6a85e4381e5a8d') in 0.011076 seconds 
  Import took 0.013896 seconds .

========================================================================
Received Import Request.
  Time since last request: 2.807382 seconds.
  path: Assets/prefabs/enemy.prefab
  artifactKey: Guid(35b81e21f61e8a049b4f0d149bf3f6f0) Importer(815301076,1909f56bfc062723c751e8b465ee728b)
Start importing Assets/prefabs/enemy.prefab using Guid(35b81e21f61e8a049b4f0d149bf3f6f0) Importer(815301076,1909f56bfc062723c751e8b465ee728b)  -> (artifact id: 'ae703505866c06ef46a97a16f87aefa3') in 0.011761 seconds 
  Import took 0.015151 seconds .

========================================================================
Received Import Request.
  Time since last request: 10.154048 seconds.
  path: Assets/materials/antena_mat.mat
  artifactKey: Guid(901bc6bba5aa05a4da72929c37798d4a) Importer(815301076,1909f56bfc062723c751e8b465ee728b)
Start importing Assets/materials/antena_mat.mat using Guid(901bc6bba5aa05a4da72929c37798d4a) Importer(815301076,1909f56bfc062723c751e8b465ee728b)  -> (artifact id: '6d4158419f435566cc78452e6ff3cc04') in 0.008404 seconds 
  Import took 0.011426 seconds .

========================================================================
Received Import Request.
  Time since last request: 15.040925 seconds.
  path: Assets/prefabs/enemy.prefab
  artifactKey: Guid(35b81e21f61e8a049b4f0d149bf3f6f0) Importer(815301076,1909f56bfc062723c751e8b465ee728b)
Start importing Assets/prefabs/enemy.prefab using Guid(35b81e21f61e8a049b4f0d149bf3f6f0) Importer(815301076,1909f56bfc062723c751e8b465ee728b)  -> (artifact id: 'b55ea8415dca196c816af8e74fc584af') in 0.008959 seconds 
  Import took 0.011613 seconds .

========================================================================
Received Import Request.
  Time since last request: 45.736410 seconds.
  path: Assets/materials/antena_mat.mat
  artifactKey: Guid(901bc6bba5aa05a4da72929c37798d4a) Importer(815301076,1909f56bfc062723c751e8b465ee728b)
Start importing Assets/materials/antena_mat.mat using Guid(901bc6bba5aa05a4da72929c37798d4a) Importer(815301076,1909f56bfc062723c751e8b465ee728b)  -> (artifact id: '8ee0e9f88ece9748506e76d3fe49d0e7') in 0.009696 seconds 
  Import took 0.012348 seconds .

AssetImportWorkerClient::OnTransportError - code=2 error=End of file
